2020-10-21 13:26:15.680  INFO 62447 --- [main] com.example.demo.FbChatBotApplication    : Starting FbChatBotApplication on Nathans-MacBook-Pro.local with PID 62447 (/Users/nathan/STS_workspace/FB_ChatBot/target/classes started by nathan in /Users/nathan/STS_workspace/FB_ChatBot)
2020-10-21 13:26:15.687  INFO 62447 --- [main] com.example.demo.FbChatBotApplication    : No active profile set, falling back to default profiles: default
2020-10-21 13:26:16.262  INFO 62447 --- [main] o.s.b.w.embedded.tomcat.TomcatWebServer  : Tomcat initialized with port(s): 8080 (http)
2020-10-21 13:26:16.271  INFO 62447 --- [main] o.apache.catalina.core.StandardService   : Starting service [Tomcat]
2020-10-21 13:26:16.271  INFO 62447 --- [main] org.apache.catalina.core.StandardEngine  : Starting Servlet engine: [Apache Tomcat/9.0.38]
2020-10-21 13:26:16.325  INFO 62447 --- [main] o.a.c.c.C.[Tomcat].[localhost].[/]       : Initializing Spring embedded WebApplicationContext
2020-10-21 13:26:16.325  INFO 62447 --- [main] w.s.c.ServletWebServerApplicationContext : Root WebApplicationContext: initialization completed in 604 ms
2020-10-21 13:26:16.494  INFO 62447 --- [main] o.s.s.concurrent.ThreadPoolTaskExecutor  : Initializing ExecutorService 'applicationTaskExecutor'
2020-10-21 13:26:16.632  INFO 62447 --- [main] o.s.b.w.embedded.tomcat.TomcatWebServer  : Tomcat started on port(s): 8080 (http) with context path ''
2020-10-21 13:26:16.643  INFO 62447 --- [main] com.example.demo.FbChatBotApplication    : Started FbChatBotApplication in 1.181 seconds (JVM running for 1.83)
2020-10-21 13:26:25.134  INFO 62447 --- [http-nio-8080-exec-1] o.a.c.c.C.[Tomcat].[localhost].[/]       : Initializing Spring DispatcherServlet 'dispatcherServlet'
2020-10-21 13:26:25.135  INFO 62447 --- [http-nio-8080-exec-1] o.s.web.servlet.DispatcherServlet        : Initializing Servlet 'dispatcherServlet'
2020-10-21 13:26:25.141  INFO 62447 --- [http-nio-8080-exec-1] o.s.web.servlet.DispatcherServlet        : Completed initialization in 6 ms
2020-10-21 13:26:26.518  INFO 62447 --- [http-nio-8080-exec-1] controller.ChatController                : UserID:9416266261779208
2020-10-21 13:29:15.860  INFO 62447 --- [RMI TCP Connection(5)-127.0.0.1] inMXBeanRegistrar$SpringApplicationAdmin : Application shutdown requested.
2020-10-21 13:29:15.927  INFO 62447 --- [RMI TCP Connection(5)-127.0.0.1] o.s.s.concurrent.ThreadPoolTaskExecutor  : Shutting down ExecutorService 'applicationTaskExecutor'
2020/10/21 13:31:21 == [main] == INFO  == com.example.demo.FbChatBotApplication.logStarting -Starting FbChatBotApplication on Nathans-MacBook-Pro.local with PID 62552 (/Users/nathan/STS_workspace/FB_ChatBot/target/classes started by nathan in /Users/nathan/STS_workspace/FB_ChatBot)
2020/10/21 13:31:21 == [main] == INFO  == com.example.demo.FbChatBotApplication.logStartupProfileInfo -No active profile set, falling back to default profiles: default
2020/10/21 13:31:22 == [main] == INFO  == o.s.boot.web.embedded.tomcat.TomcatWebServer.initialize -Tomcat initialized with port(s): 8080 (http)
2020/10/21 13:31:22 == [main] == INFO  == org.apache.catalina.core.StandardService.log -Starting service [Tomcat]
2020/10/21 13:31:22 == [main] == INFO  == org.apache.catalina.core.StandardEngine.log -Starting Servlet engine: [Apache Tomcat/9.0.38]
2020/10/21 13:31:22 == [main] == INFO  == o.a.c.core.ContainerBase.[Tomcat].[localhost].[/].log -Initializing Spring embedded WebApplicationContext
2020/10/21 13:31:22 == [main] == INFO  == o.s.b.w.s.c.ServletWebServerApplicationContext.prepareWebApplicationContext -Root WebApplicationContext: initialization completed in 609 ms
2020/10/21 13:31:22 == [main] == INFO  == o.s.scheduling.concurrent.ThreadPoolTaskExecutor.initialize -Initializing ExecutorService 'applicationTaskExecutor'
2020/10/21 13:31:22 == [main] == INFO  == o.s.boot.web.embedded.tomcat.TomcatWebServer.start -Tomcat started on port(s): 8080 (http) with context path ''
2020/10/21 13:31:22 == [main] == INFO  == com.example.demo.FbChatBotApplication.logStarted -Started FbChatBotApplication in 1.21 seconds (JVM running for 2.147)
2020/10/21 13:31:42 == [http-nio-8080-exec-1] == INFO  == o.a.c.core.ContainerBase.[Tomcat].[localhost].[/].log -Initializing Spring DispatcherServlet 'dispatcherServlet'
2020/10/21 13:31:42 == [http-nio-8080-exec-1] == INFO  == org.springframework.web.servlet.DispatcherServlet.initServletBean -Initializing Servlet 'dispatcherServlet'
2020/10/21 13:31:42 == [http-nio-8080-exec-1] == INFO  == org.springframework.web.servlet.DispatcherServlet.initServletBean -Completed initialization in 5 ms
2020/10/21 13:31:43 == [http-nio-8080-exec-1] == INFO  == controller.ChatController.postInfo -UserID:9416266261779208
2020/10/21 13:32:17 == [RMI TCP Connection(4)-127.0.0.1] == INFO  == o.s.b.a.SpringApplicationAdminMXBeanRegistrar$SpringApplicationAdmin.shutdown -Application shutdown requested.
2020/10/21 13:32:17 == [RMI TCP Connection(4)-127.0.0.1] == INFO  == o.s.scheduling.concurrent.ThreadPoolTaskExecutor.shutdown -Shutting down ExecutorService 'applicationTaskExecutor'
